<?xml version="1.0" encoding="UTF-8"?>
<testsuite xmlns:xsi="http://www.w3.org/2001/XMLSchema-instance" xsi:noNamespaceSchemaLocation="https://maven.apache.org/surefire/maven-surefire-plugin/xsd/surefire-test-report.xsd" name="one.digitalinnovation.beerstock.service.BeerServiceTest" time="0.172" tests="11" errors="0" skipped="0" failures="0">
  <properties>
[...]
</properties>
  <testcase name="whenIncrementIsCalledWithInvalidIdThenThrowException" classname="one.digitalinnovation.beerstock.service.BeerServiceTest" time="0.096"/>
  <testcase name="whenExclusionIsCalledWithValidIdThenABeerShouldBeDeleted" classname="one.digitalinnovation.beerstock.service.BeerServiceTest" time="0.011"/>
  <testcase name="whenBeerInformedThenItShouldBeCreated" classname="one.digitalinnovation.beerstock.service.BeerServiceTest" time="0.006"/>
  <testcase name="whenIncrementIsCalledThenIncrementBeerStock" classname="one.digitalinnovation.beerstock.service.BeerServiceTest" time="0.027"/>
  <testcase name="whenIncrementAfterSumIsGreatherThanMaxThenThrowException" classname="one.digitalinnovation.beerstock.service.BeerServiceTest" time="0.004"/>
  <testcase name="whenIncrementIsGreatherThanMaxThenThrowException" classname="one.digitalinnovation.beerstock.service.BeerServiceTest" time="0.003"/>
  <testcase name="whenAlreadyRegisteredBeerInformedThenAnExceptionShouldBeThrown" classname="one.digitalinnovation.beerstock.service.BeerServiceTest" time="0.003"/>
  <testcase name="whenListBeerIsCalledThenReturnAnEmptyListOfBeers" classname="one.digitalinnovation.beerstock.service.BeerServiceTest" time="0.004"/>
  <testcase name="whenNotRegisteredBeerNameIsGivenThenThrowAnException" classname="one.digitalinnovation.beerstock.service.BeerServiceTest" time="0.004"/>
  <testcase name="whenListBeerIsCalledThenReturnAListOfBeers" classname="one.digitalinnovation.beerstock.service.BeerServiceTest" time="0.003"/>
  <testcase name="whenValidBeerNameIsGivenThenReturnABeer" classname="one.digitalinnovation.beerstock.service.BeerServiceTest" time="0.002"/>
</testsuite>